C51 COMPILER V9.60.0.0   DS1302                                                            04/09/2022 12:20:57 PAGE 1   


C51 COMPILER V9.60.0.0, COMPILATION OF MODULE DS1302
OBJECT MODULE PLACED IN .\Objects\ds1302.obj
COMPILER INVOKED BY: C:\Keil_v5\C51\BIN\C51.EXE Head\ds1302.c OPTIMIZE(8,SPEED) BROWSE INCDIR(.\Head) DEBUG OBJECTEXTEND
                    - PRINT(.\Listings\ds1302.lst) TABS(2) OBJECT(.\Objects\ds1302.obj)

line level    source

   1          #include <REG52.H>
   2          #include <intrins.h>
   3          #include "ds1302.h"
   4          unsigned char  WRITE_RTC_ADDR[8] = {0x80,0x82,0x84,0x86,0x88,0x8a,0x8c};
   5          unsigned char  READ_RTC_ADDR[8] = {0x81,0x83,0x85,0x87,0x89,0x8b,0x8d};
   6          unsigned char  TIME[7] = {0x01,0x00,0x00,0x00,0x00,0x00,0x00};//秒 分 时 日 月 星期 年
   7          /*
   8          
   9          */
  10          sbit SCK=P1^7;    
  11          sbit SDA=P2^3;    
  12          sbit RST = P1^3;   // DS1302复位                        
  13          
  14          void Write_Ds1302(unsigned  char temp) 
  15          {
  16   1        unsigned char i;
  17   1        for (i=0;i<8;i++)       
  18   1        { 
  19   2          SCK=0;
  20   2          SDA=temp&0x01;
  21   2          temp>>=1; 
  22   2          SCK=1;
  23   2        }
  24   1      }   
  25          
  26          void Write_Ds1302_Byte( unsigned char address,unsigned char dat )     
  27          {
  28   1        RST=0;  _nop_();
  29   1        SCK=0;  _nop_();
  30   1        RST=1;  _nop_();  
  31   1        Write_Ds1302(address);  
  32   1        Write_Ds1302(dat);    
  33   1        RST=0; 
  34   1      }
  35          
  36          unsigned char Read_Ds1302_Byte ( unsigned char address )
  37          {
  38   1        unsigned char i,temp=0x00;
  39   1        RST=0;  _nop_();
  40   1        SCK=0;  _nop_();
  41   1        RST=1;  _nop_();
  42   1        Write_Ds1302(address);
  43   1        for (i=0;i<8;i++)   
  44   1        {   
  45   2          SCK=0;
  46   2          temp>>=1; 
  47   2          if(SDA)
  48   2          temp|=0x80; 
  49   2          SCK=1;
  50   2        } 
  51   1        RST=0;  _nop_();
  52   1        SCK=0;  _nop_();
  53   1        SCK=1;  _nop_();
  54   1        SDA=0;  _nop_();
C51 COMPILER V9.60.0.0   DS1302                                                            04/09/2022 12:20:57 PAGE 2   

  55   1        SDA=1;  _nop_();
  56   1        
  57   1        return (temp/16*10+temp%16);
  58   1      }
  59          
  60          
  61          void DS1302_Config()
  62          {
  63   1        unsigned char n;
  64   1        Write_Ds1302_Byte(0x8E,0x00); 
  65   1        for(n=0; n<3; n++)            //修改7->3 对时分秒进行操作
  66   1        {
  67   2          Write_Ds1302_Byte(WRITE_RTC_ADDR[n],TIME[n]);
  68   2        }
  69   1        Write_Ds1302_Byte(0x8E,0x80); 
  70   1      }
  71          void DS1302_ReadTime()
  72          {
  73   1        unsigned char n;
  74   1        for(n=0; n<3; n++)      //修改7->3 对时分秒进行操作
  75   1        {
  76   2          TIME[n] = Read_Ds1302_Byte(READ_RTC_ADDR[n]);
  77   2        }
  78   1      }


MODULE INFORMATION:   STATIC OVERLAYABLE
   CODE SIZE        =    196    ----
   CONSTANT SIZE    =   ----    ----
   XDATA SIZE       =   ----    ----
   PDATA SIZE       =   ----    ----
   DATA SIZE        =     23    ----
   IDATA SIZE       =   ----    ----
   BIT SIZE         =   ----    ----
END OF MODULE INFORMATION.


C51 COMPILATION COMPLETE.  0 WARNING(S),  0 ERROR(S)
