C51 COMPILER V9.60.0.0   MAIN                                                              04/09/2022 12:44:24 PAGE 1   


C51 COMPILER V9.60.0.0, COMPILATION OF MODULE MAIN
OBJECT MODULE PLACED IN .\Objects\main.obj
COMPILER INVOKED BY: C:\Keil_v5\C51\BIN\C51.EXE main.c OPTIMIZE(8,SPEED) BROWSE INCDIR(.\Head) DEBUG OBJECTEXTEND PRINT(
                    -.\Listings\main.lst) TABS(2) OBJECT(.\Objects\main.obj)

line level    source

   1          #include "51_main.h"
   2          
   3          
   4          void keyscan();
   5          void keyout();
   6          void Display();
   7          void Tim_init();
   8          
   9          void S12out();
  10          void S13out();
  11          void S16out();
  12          void S17out();
  13          
  14          void tem_pro();
  15          void led_pro();
  16          void relay_pro();
  17          
  18          int ledflag[4]={0};
  19          unsigned int scence=0,model=0;
  20          unsigned int T0_cnt=0,T1_cnt=0;
  21          
  22          
  23          unsigned int tem_big=0,tem_settle=23;
  24          float tem_value;
  25          
  26          /*
  27          scence 0 温度显示界面 1时间显示 2 参数设置
  28          model 0 温度设置 1时间设置
  29          */
  30          int main()
  31          {
  32   1        System_Init();
  33   1        Tim_init();
  34   1        DS1302_Config();
  35   1        while(1)
  36   1        {
  37   2          
  38   2          DS1302_ReadTime();
  39   2          keyscan();
  40   2          keyout();
  41   2          
  42   2          relay_pro();
  43   2          tem_pro();
  44   2          led_pro();
  45   2      
  46   2          Display();
  47   2        }
  48   1      }
  49          
  50          void relay_pro()
  51          {
  52   1          if(tem_value>tem_settle) 
  53   1          {P0=0x10;Enable138(5);Enable138(0);TR1=1;}
  54   1        else  
C51 COMPILER V9.60.0.0   MAIN                                                              04/09/2022 12:44:24 PAGE 2   

  55   1          {P0=0x00;Enable138(5);Enable138(0);TR1=0;ledflag[3]=0;}
  56   1      }
  57          
  58          void Tim0_INT() interrupt 1
  59          {
  60   1        T0_cnt++; //50ms
  61   1        if(T0_cnt>=100) //5s
  62   1        {
  63   2          T0_cnt=0;
  64   2          ledflag[1]=0;
  65   2          P0=0x00;
  66   2          Enable138(5);
  67   2          Enable138(0);
  68   2          ledflag[3]=0;
  69   2          TR0=0;TR1=0;
  70   2          
  71   2        }
  72   1        
  73   1      }
  74          void Tim1_INT()  interrupt 3
  75          {
  76   1        T1_cnt++;
  77   1        if(T1_cnt>=100)
  78   1        {
  79   2          T1_cnt=0;
  80   2          ledflag[3]=1-ledflag[3];
  81   2        }
  82   1      }
  83          void led_pro()
  84          {
  85   1        if(TIME[0]==0&&TIME[1]==0) 
  86   1        {
  87   2          TR0=1;
  88   2          ledflag[1]=1;
  89   2          P0=0x10;
  90   2          Enable138(5);
  91   2          Enable138(0);
  92   2          TR1=1;
  93   2        }
  94   1            
  95   1            
  96   1        if(model==1) 
  97   1          ledflag[2]=1;
  98   1        else 
  99   1          ledflag[2]=0;
 100   1        
 101   1        
 102   1        
 103   1        P0=0xff;
 104   1        if(ledflag[1]) P00=0;
 105   1        if(ledflag[2]) P01=0;
 106   1        if(ledflag[3]) P02=0;
 107   1        Enable138(4);
 108   1        Enable138(0);
 109   1        
 110   1        
 111   1        
 112   1        
 113   1      }
 114          void tem_pro()
 115          {
 116   1        tem_value=Ds18b20_Get_data();
C51 COMPILER V9.60.0.0   MAIN                                                              04/09/2022 12:44:24 PAGE 3   

 117   1        tem_big=10*tem_value;
 118   1      
 119   1          
 120   1        
 121   1      }
 122          void S12out()
 123          {
 124   1        scence++;
 125   1        if(scence==3)
 126   1        {
 127   2          scence=0;
 128   2        }
 129   1      }
 130          
 131          void S13out()
 132          {
 133   1        model=1-model;
 134   1      } 
 135          
 136          void S16out()
 137          {
 138   1        if(scence==2)
 139   1        {
 140   2          tem_settle=tem_settle+1;
 141   2          if(tem_settle>=99) tem_settle=99;
 142   2        }
 143   1      }
 144          
 145          void S17out()
 146          {
 147   1        if(scence==2)
 148   1        {
 149   2          tem_settle=tem_settle-1;
 150   2          if(tem_settle<=10) tem_settle=10;
 151   2        }
 152   1        
 153   1      }
 154          
 155          
 156          void Display()
 157          {
 158   1        if(scence==0)
 159   1        {
 160   2          display_bit(1,0xC1);
 161   2          display_bit(2,led[1]);
 162   2          display_bit(6,led[tem_big/100]);
 163   2          display_bit(7,led_point[tem_big/10%10]);
 164   2          display_bit(8,led[tem_big%10]);
 165   2        }
 166   1        else if(scence==1)
 167   1        {
 168   2          display_bit(1,0xC1);
 169   2          display_bit(2,led[2]);
 170   2          display_bit(4,led[TIME[2]/10]);
 171   2          display_bit(5,led[TIME[2]%10]);
 172   2          display_bit(6,0xbf);
 173   2          display_bit(7,led[TIME[1]/10]);
 174   2          display_bit(8,led[TIME[1]%10]);
 175   2        }
 176   1        else if(scence==2)
 177   1        {
 178   2          display_bit(1,0xC1);
C51 COMPILER V9.60.0.0   MAIN                                                              04/09/2022 12:44:24 PAGE 4   

 179   2          display_bit(2,led[3]);
 180   2          display_bit(7,led[tem_settle/10]);
 181   2          display_bit(8,led[tem_settle%10]);    
 182   2        }
 183   1      } 
 184          
 185          void keyout()       
 186          {
 187   1        if(keyflag[12]==1) {keyflag[12]=0;S12out();}
 188   1        if(keyflag[13]==1) {keyflag[13]=0;S13out();}
 189   1        if(keyflag[16]==1) {keyflag[16]=0;S16out();}
 190   1        if(keyflag[17]==1) {keyflag[17]=0;S17out();}
 191   1        
 192   1      }
 193          void Tim_init()
 194          {
 195   1        EA=1;
 196   1        TMOD=0x00;//16位重载
 197   1        TH0=0x3c;
 198   1        TL0=0xb0;//50ms
 199   1        ET0=1;
 200   1        TR0=0;
 201   1        
 202   1        TH1=0xfc;
 203   1        TL1=0x18;
 204   1        ET1=1;
 205   1        TR1=0;
 206   1        
 207   1      }
 208          void keyscan()
 209          {
 210   1         int temp=0;
 211   1        
 212   1        P44=1;P42=1;P3=0xdf;temp=P3;temp=temp&0x0f;
 213   1        if(temp!=0x0f)
 214   1        {
 215   2          delay(20);temp=P3;temp=temp&0x0f;
 216   2          if(temp!=0x0f)
 217   2          {
 218   3            temp=P3;
 219   3            switch(temp)
 220   3            {
 221   4              case 0xdb: keyflag[13]=1;break;  //13
 222   4              case 0xd7: keyflag[12]=1;break;  //12
 223   4            }
 224   3          }
 225   2          while(temp!=0x0f)
 226   2          {
 227   3            temp=P3;
 228   3            temp=temp&0x0f;
 229   3          }
 230   2        }
 231   1        
 232   1        P44=1;P42=1;P3=0xef;temp=P3;temp=temp&0x0f;
 233   1        
 234   1        if(temp!=0x0f)
 235   1        {
 236   2          delay(20);temp=P3;temp=temp&0x0f;
 237   2          if(temp!=0x0f)
 238   2          {
 239   3            temp=P3;
 240   3            switch(temp)
C51 COMPILER V9.60.0.0   MAIN                                                              04/09/2022 12:44:24 PAGE 5   

 241   3            { 
 242   4              case 0xeb: keyflag[17]=1;break;  //17
 243   4              case 0xe7: keyflag[16]=1;break;  //16
 244   4            }
 245   3          }
 246   2          while(temp!=0x0f)
 247   2          {
 248   3            temp=P3;
 249   3            temp=temp&0x0f;
 250   3            if(keyflag[17]==1&&scence==1)
 251   3            {
 252   4              DS1302_ReadTime();
 253   4              display_bit(1,0xC1);
 254   4              display_bit(2,led[2]);
 255   4              display_bit(4,led[TIME[1]/10]);
 256   4              display_bit(5,led[TIME[1]%10]);
 257   4              display_bit(6,0xbf);
 258   4              display_bit(7,led[TIME[0]/10]);
 259   4              display_bit(8,led[TIME[0]%10]);
 260   4            }
 261   3          }
 262   2      
 263   2        }
 264   1      }
 265          
 266              
 267          
 268          
 269          
 270          
 271          
 272          
 273          
 274          


MODULE INFORMATION:   STATIC OVERLAYABLE
   CODE SIZE        =   1188    ----
   CONSTANT SIZE    =   ----    ----
   XDATA SIZE       =   ----    ----
   PDATA SIZE       =   ----    ----
   DATA SIZE        =     24       2
   IDATA SIZE       =   ----    ----
   BIT SIZE         =   ----    ----
END OF MODULE INFORMATION.


C51 COMPILATION COMPLETE.  0 WARNING(S),  0 ERROR(S)
